<?xml version="1.0" encoding="UTF-8"?>
<testsuites name="Kademi test suite" time="173" tests="0" failures="3" errors="0">
   <testsuite name="Kademi test suite" tests="0" failures="3" errors="0" time="173" timestamp="2018-06-12 09:30:53" hostname="CI0-000-6057N$ - ci0-000-6057N" id="Test Suites/Kademi test suite">
      <properties>
         <property name="deviceName" value=""/>
         <property name="devicePlatform" value=""/>
         <property name="logFolder" value="D:\\kademi\\Katalon\\Kademi_next\\Kademi\\Reports\\Kademi test suite\\20180612_093051"/>
         <property name="logFiles" value="D:\\kademi\\Katalon\\Kademi_next\\Kademi\\Reports\\Kademi test suite\\20180612_093051\\execution0.log"/>
         <property name="attachments" value="D:\\kademi\\Katalon\\Kademi_next\\Kademi\\Reports\\Kademi test suite\\20180612_093051\\1528785120346.png, D:\\kademi\\Katalon\\Kademi_next\\Kademi\\Reports\\Kademi test suite\\20180612_093051\\1528785181818.png, D:\\kademi\\Katalon\\Kademi_next\\Kademi\\Reports\\Kademi test suite\\20180612_093051\\1528785226118.png"/>
         <property name="hostName" value="CI0-000-6057N$ - ci0-000-6057N"/>
         <property name="os" value="Windows 10 64bit"/>
         <property name="katalonVersion" value="5.3.0.1"/>
         <property name="browser" value="Chrome 66.0.3359.181"/>
         <property name="hostAddress" value="192.168.248.1"/>
         <property name="sessionId" value="7af1cbf440c90146b037f6ff286be0e8"/>
         <property name="seleniumVersion" value="3.7.1"/>
         <property name="proxyInformation" value="ProxyInformation{proxyOption=NO_PROXY, proxyServerType=HTTP, password=, proxyServerAddress=, proxyServerPort=0}"/>
         <property name="platform" value="Windows 10"/>
      </properties>
      <testcase name="Test Cases/Auto1-Create-user" classname="Test Cases/Auto1-Create-user" status="FAILED">
         <failure type="FAILED" message="Unable to click on object 'Object Repository/Kademi-vladtest22/span_Groups  users (1)' (Root cause: com.kms.katalon.core.webui.exception.WebElementNotFoundException: Web element with id: 'Object Repository/Kademi-vladtest22/span_Groups  users (1)' located by 'By.xpath: //span[(text() = 'Groups &amp; users' or . = 'Groups &amp; users')]' not found)"/>
         <system-out><![CDATA[2018-06-12 09:30:54 - [TEST_CASE][FAILED] - Test Cases/Auto1-Create-user: Test Cases/Auto1-Create-user FAILED because (of) Unable to click on object 'Object Repository/Kademi-vladtest22/span_Groups  users (1)' (Root cause: com.kms.katalon.core.webui.exception.WebElementNotFoundException: Web element with id: 'Object Repository/Kademi-vladtest22/span_Groups  users (1)' located by 'By.xpath: //span[(text() = 'Groups & users' or . = 'Groups & users')]' not found)

2018-06-12 09:30:55 - [TEST_STEP][PASSED] - Statement - rnd = new java.util.Random(): null

2018-06-12 09:30:55 - [TEST_STEP][PASSED] - Statement - randomdigit = rnd.nextInt(9999): null

2018-06-12 09:30:55 - [TEST_STEP][PASSED] - Statement - usertestname = com.kms.katalon.core.webui.keyword.WebUiBuiltInKeywords.concatenate(["autouserqa", randomdigit]): Concatenated string array: '['autouserqa','8627']' into 'autouserqa8627'

2018-06-12 09:30:55 - [MESSAGE][PASSED] - Concatenated string array: '['autouserqa','8627']' into 'autouserqa8627'

2018-06-12 09:30:55 - [TEST_STEP][PASSED] - openBrowser: Browser is opened with url: 'http://vladtest50c.admin.kademi-ci.co'

2018-06-12 09:31:12 - [MESSAGE][PASSED] - Browser is opened with url: 'http://vladtest50c.admin.kademi-ci.co'

2018-06-12 09:31:12 - [TEST_STEP][PASSED] - maximizeWindow: Current window maximized

2018-06-12 09:31:13 - [MESSAGE][PASSED] - Current window maximized

2018-06-12 09:31:13 - [TEST_STEP][PASSED] - setText: Text 'adminqa@mailinator.com' is set on object 'Object Repository/kademi-vladtest/input_email'

2018-06-12 09:31:13 - [MESSAGE][PASSED] - Text 'adminqa@mailinator.com' is set on object 'Object Repository/kademi-vladtest/input_email'

2018-06-12 09:31:13 - [TEST_STEP][PASSED] - setText: Text 'Pa$$w0rd' is set on object 'Object Repository/kademi-vladtest/input_password'

2018-06-12 09:31:14 - [MESSAGE][PASSED] - Text 'Pa$$w0rd' is set on object 'Object Repository/kademi-vladtest/input_password'

2018-06-12 09:31:14 - [TEST_STEP][PASSED] - sendKeys: Keys 'ENTER + ' sent to object: 'Object Repository/kademi-vladtest/input_password'

2018-06-12 09:31:14 - [MESSAGE][PASSED] - Keys 'ENTER + ' sent to object: 'Object Repository/kademi-vladtest/input_password'

2018-06-12 09:31:14 - [TEST_STEP][PASSED] - delay: Delayed 15 second(s)

2018-06-12 09:31:29 - [MESSAGE][PASSED] - Delayed 15 second(s)

2018-06-12 09:31:29 - [TEST_STEP][FAILED] - click: Unable to click on object 'Object Repository/Kademi-vladtest22/span_Groups  users (1)' (Root cause: com.kms.katalon.core.webui.exception.WebElementNotFoundException: Web element with id: 'Object Repository/Kademi-vladtest22/span_Groups  users (1)' located by 'By.xpath: //span[(text() = 'Groups & users' or . = 'Groups & users')]' not found)

2018-06-12 09:32:00 - [MESSAGE][FAILED] - Unable to click on object 'Object Repository/Kademi-vladtest22/span_Groups  users (1)' (Root cause: com.kms.katalon.core.webui.exception.WebElementNotFoundException: Web element with id: 'Object Repository/Kademi-vladtest22/span_Groups  users (1)' located by 'By.xpath: //span[(text() = 'Groups & users' or . = 'Groups & users')]' not found)
[[ATTACHMENT|D:\\kademi\\Katalon\\Kademi_next\\Kademi\\Reports\\Kademi test suite\\20180612_093051\\1528785120346.png]]]]></system-out>
         <system-err><![CDATA[2018-06-12 09:30:54 - [TEST_CASE][FAILED] - Test Cases/Auto1-Create-user: Test Cases/Auto1-Create-user FAILED because (of) Unable to click on object 'Object Repository/Kademi-vladtest22/span_Groups  users (1)' (Root cause: com.kms.katalon.core.webui.exception.WebElementNotFoundException: Web element with id: 'Object Repository/Kademi-vladtest22/span_Groups  users (1)' located by 'By.xpath: //span[(text() = 'Groups & users' or . = 'Groups & users')]' not found)]]></system-err>
      </testcase>
      <testcase name="Test Cases/Auto2-Keditor-Simple-Test" classname="Test Cases/Auto2-Keditor-Simple-Test" status="FAILED">
         <failure type="FAILED" message="Unable to click on object 'Object Repository/Kademi-vladtest22/span_Content' (Root cause: com.kms.katalon.core.webui.exception.WebElementNotFoundException: Web element with id: 'Object Repository/Kademi-vladtest22/span_Content' located by 'By.xpath: //span[(text() = 'Content' or . = 'Content')]' not found)"/>
         <system-out><![CDATA[2018-06-12 09:32:00 - [TEST_CASE][FAILED] - Test Cases/Auto2-Keditor-Simple-Test: Test Cases/Auto2-Keditor-Simple-Test FAILED because (of) Unable to click on object 'Object Repository/Kademi-vladtest22/span_Content' (Root cause: com.kms.katalon.core.webui.exception.WebElementNotFoundException: Web element with id: 'Object Repository/Kademi-vladtest22/span_Content' located by 'By.xpath: //span[(text() = 'Content' or . = 'Content')]' not found)

2018-06-12 09:32:00 - [TEST_STEP][PASSED] - Statement - rnd = new java.util.Random(): null

2018-06-12 09:32:00 - [TEST_STEP][PASSED] - Statement - randomdigit = rnd.nextInt(9999): null

2018-06-12 09:32:00 - [TEST_STEP][PASSED] - Statement - pagetestname = com.kms.katalon.core.webui.keyword.WebUiBuiltInKeywords.concatenate(["pagetest", randomdigit]): Concatenated string array: '['pagetest','3708']' into 'pagetest3708'

2018-06-12 09:32:00 - [MESSAGE][PASSED] - Concatenated string array: '['pagetest','3708']' into 'pagetest3708'

2018-06-12 09:32:00 - [TEST_STEP][PASSED] - openBrowser: Browser is opened with url: 'http://vladtest50c.admin.kademi-ci.co'

2018-06-12 09:32:00 - [MESSAGE][WARNING] - A browser is already opened. Closing browser and opening a new one

2018-06-12 09:32:14 - [MESSAGE][PASSED] - Browser is opened with url: 'http://vladtest50c.admin.kademi-ci.co'

2018-06-12 09:32:14 - [TEST_STEP][PASSED] - maximizeWindow: Current window maximized

2018-06-12 09:32:15 - [MESSAGE][PASSED] - Current window maximized

2018-06-12 09:32:15 - [TEST_STEP][PASSED] - setText: Text 'adminqa@mailinator.com' is set on object 'Object Repository/kademi-vladtest/input_email'

2018-06-12 09:32:15 - [MESSAGE][PASSED] - Text 'adminqa@mailinator.com' is set on object 'Object Repository/kademi-vladtest/input_email'

2018-06-12 09:32:15 - [TEST_STEP][PASSED] - setText: Text 'Pa$$w0rd' is set on object 'Object Repository/kademi-vladtest/input_password'

2018-06-12 09:32:15 - [MESSAGE][PASSED] - Text 'Pa$$w0rd' is set on object 'Object Repository/kademi-vladtest/input_password'

2018-06-12 09:32:15 - [TEST_STEP][PASSED] - sendKeys: Keys 'ENTER + ' sent to object: 'Object Repository/kademi-vladtest/input_password'

2018-06-12 09:32:16 - [MESSAGE][PASSED] - Keys 'ENTER + ' sent to object: 'Object Repository/kademi-vladtest/input_password'

2018-06-12 09:32:16 - [TEST_STEP][PASSED] - delay: Delayed 15 second(s)

2018-06-12 09:32:31 - [MESSAGE][PASSED] - Delayed 15 second(s)

2018-06-12 09:32:31 - [TEST_STEP][FAILED] - click: Unable to click on object 'Object Repository/Kademi-vladtest22/span_Content' (Root cause: com.kms.katalon.core.webui.exception.WebElementNotFoundException: Web element with id: 'Object Repository/Kademi-vladtest22/span_Content' located by 'By.xpath: //span[(text() = 'Content' or . = 'Content')]' not found)

2018-06-12 09:33:02 - [MESSAGE][FAILED] - Unable to click on object 'Object Repository/Kademi-vladtest22/span_Content' (Root cause: com.kms.katalon.core.webui.exception.WebElementNotFoundException: Web element with id: 'Object Repository/Kademi-vladtest22/span_Content' located by 'By.xpath: //span[(text() = 'Content' or . = 'Content')]' not found)
[[ATTACHMENT|D:\\kademi\\Katalon\\Kademi_next\\Kademi\\Reports\\Kademi test suite\\20180612_093051\\1528785181818.png]]]]></system-out>
         <system-err><![CDATA[2018-06-12 09:32:00 - [TEST_CASE][FAILED] - Test Cases/Auto2-Keditor-Simple-Test: Test Cases/Auto2-Keditor-Simple-Test FAILED because (of) Unable to click on object 'Object Repository/Kademi-vladtest22/span_Content' (Root cause: com.kms.katalon.core.webui.exception.WebElementNotFoundException: Web element with id: 'Object Repository/Kademi-vladtest22/span_Content' located by 'By.xpath: //span[(text() = 'Content' or . = 'Content')]' not found)]]></system-err>
      </testcase>
      <testcase name="Test Cases/Auto6-Create-users-send-email" classname="Test Cases/Auto6-Create-users-send-email" status="FAILED">
         <failure type="FAILED" message="Unable to select option by value 'contacts' of object 'Object Repository/Kademi-vladtest22/select_group'  using regular expression (Root cause: No option matched.)"/>
         <system-out><![CDATA[2018-06-12 09:33:02 - [TEST_CASE][FAILED] - Test Cases/Auto6-Create-users-send-email: Test Cases/Auto6-Create-users-send-email FAILED because (of) Unable to select option by value 'contacts' of object 'Object Repository/Kademi-vladtest22/select_group'  using regular expression (Root cause: No option matched.)

2018-06-12 09:33:02 - [TEST_STEP][PASSED] - Statement - rnd = new java.util.Random(): null

2018-06-12 09:33:02 - [TEST_STEP][PASSED] - Statement - randomdigit = rnd.nextInt(9999): null

2018-06-12 09:33:02 - [TEST_STEP][PASSED] - Statement - emailtestname = com.kms.katalon.core.webui.keyword.WebUiBuiltInKeywords.concatenate(["emailjob", randomdigit]): Concatenated string array: '['emailjob','7525']' into 'emailjob7525'

2018-06-12 09:33:02 - [MESSAGE][PASSED] - Concatenated string array: '['emailjob','7525']' into 'emailjob7525'

2018-06-12 09:33:02 - [TEST_STEP][PASSED] - openBrowser: Browser is opened with url: 'http://vladtest51w.admin.kademi-ci.co'

2018-06-12 09:33:02 - [MESSAGE][WARNING] - A browser is already opened. Closing browser and opening a new one

2018-06-12 09:33:13 - [MESSAGE][PASSED] - Browser is opened with url: 'http://vladtest51w.admin.kademi-ci.co'

2018-06-12 09:33:13 - [TEST_STEP][PASSED] - maximizeWindow: Current window maximized

2018-06-12 09:33:14 - [MESSAGE][PASSED] - Current window maximized

2018-06-12 09:33:14 - [TEST_STEP][PASSED] - setText: Text 'adminqa@mailinator.com' is set on object 'Object Repository/kademi-vladtest/input_email'

2018-06-12 09:33:15 - [MESSAGE][PASSED] - Text 'adminqa@mailinator.com' is set on object 'Object Repository/kademi-vladtest/input_email'

2018-06-12 09:33:15 - [TEST_STEP][PASSED] - setText: Text 'Pa$$w0rd' is set on object 'Object Repository/kademi-vladtest/input_password'

2018-06-12 09:33:15 - [MESSAGE][PASSED] - Text 'Pa$$w0rd' is set on object 'Object Repository/kademi-vladtest/input_password'

2018-06-12 09:33:15 - [TEST_STEP][PASSED] - sendKeys: Keys 'ENTER + ' sent to object: 'Object Repository/kademi-vladtest/input_password'

2018-06-12 09:33:15 - [MESSAGE][PASSED] - Keys 'ENTER + ' sent to object: 'Object Repository/kademi-vladtest/input_password'

2018-06-12 09:33:15 - [TEST_STEP][PASSED] - delay: Delayed 20 second(s)

2018-06-12 09:33:35 - [MESSAGE][PASSED] - Delayed 20 second(s)

2018-06-12 09:33:35 - [TEST_STEP][PASSED] - click: Object: 'Object Repository/Kademi-vladtest22/span_Groups  users' is clicked on

2018-06-12 09:33:35 - [MESSAGE][PASSED] - Object: 'Object Repository/Kademi-vladtest22/span_Groups  users' is clicked on

2018-06-12 09:33:35 - [TEST_STEP][PASSED] - delay: Delayed 1 second(s)

2018-06-12 09:33:36 - [MESSAGE][PASSED] - Delayed 1 second(s)

2018-06-12 09:33:36 - [TEST_STEP][PASSED] - click: Object: 'Object Repository/Kademi-vladtest22/span_Users' is clicked on

2018-06-12 09:33:42 - [MESSAGE][PASSED] - Object: 'Object Repository/Kademi-vladtest22/span_Users' is clicked on

2018-06-12 09:33:42 - [TEST_STEP][PASSED] - Statement - usertestname = <not implemented yet for class: org.codehaus.groovy.ast.expr.EmptyExpression>: null

2018-06-12 09:33:42 - [TEST_STEP][FAILED] - Statement - For (def index : (1..10)): Unable to select option by value 'contacts' of object 'Object Repository/Kademi-vladtest22/select_group'  using regular expression (Root cause: No option matched.)

2018-06-12 09:33:42 - [TEST_STEP][PASSED] - Statement - usertestname = "autouserqa" + index: null

2018-06-12 09:33:42 - [TEST_STEP][PASSED] - click: Object: 'Object Repository/Kademi-vladtest22/a_Add new user' is clicked on

2018-06-12 09:33:42 - [MESSAGE][PASSED] - Object: 'Object Repository/Kademi-vladtest22/a_Add new user' is clicked on

2018-06-12 09:33:42 - [TEST_STEP][PASSED] - delay: Delayed 1 second(s)

2018-06-12 09:33:43 - [MESSAGE][PASSED] - Delayed 1 second(s)

2018-06-12 09:33:43 - [TEST_STEP][PASSED] - focus: Object: 'Object Repository/kademi-vladtest/div_modal-new-user' is focused

2018-06-12 09:33:43 - [MESSAGE][PASSED] - Object: 'Object Repository/kademi-vladtest/div_modal-new-user' is focused

2018-06-12 09:33:43 - [TEST_STEP][PASSED] - click: Object: 'Object Repository/Kademi-vladtest22/input_nickName' is clicked on

2018-06-12 09:33:44 - [MESSAGE][PASSED] - Object: 'Object Repository/Kademi-vladtest22/input_nickName' is clicked on

2018-06-12 09:33:44 - [TEST_STEP][PASSED] - sendKeys: Keys 'autouserqa1' sent to object: 'Object Repository/Kademi-vladtest22/input_nickName'

2018-06-12 09:33:44 - [MESSAGE][PASSED] - Keys 'autouserqa1' sent to object: 'Object Repository/Kademi-vladtest22/input_nickName'

2018-06-12 09:33:44 - [TEST_STEP][PASSED] - click: Object: 'Object Repository/Kademi-vladtest22/input_firstName' is clicked on

2018-06-12 09:33:44 - [MESSAGE][PASSED] - Object: 'Object Repository/Kademi-vladtest22/input_firstName' is clicked on

2018-06-12 09:33:44 - [TEST_STEP][PASSED] - sendKeys: Keys 'autouserqa1' sent to object: 'Object Repository/Kademi-vladtest22/input_firstName'

2018-06-12 09:33:44 - [MESSAGE][PASSED] - Keys 'autouserqa1' sent to object: 'Object Repository/Kademi-vladtest22/input_firstName'

2018-06-12 09:33:44 - [TEST_STEP][PASSED] - click: Object: 'Object Repository/Kademi-vladtest22/input_surName' is clicked on

2018-06-12 09:33:44 - [MESSAGE][PASSED] - Object: 'Object Repository/Kademi-vladtest22/input_surName' is clicked on

2018-06-12 09:33:44 - [TEST_STEP][PASSED] - sendKeys: Keys 'autouserqa1' sent to object: 'Object Repository/Kademi-vladtest22/input_surName'

2018-06-12 09:33:45 - [MESSAGE][PASSED] - Keys 'autouserqa1' sent to object: 'Object Repository/Kademi-vladtest22/input_surName'

2018-06-12 09:33:45 - [TEST_STEP][PASSED] - click: Object: 'Object Repository/Kademi-vladtest22/input_email (1)' is clicked on

2018-06-12 09:33:45 - [MESSAGE][PASSED] - Object: 'Object Repository/Kademi-vladtest22/input_email (1)' is clicked on

2018-06-12 09:33:45 - [TEST_STEP][PASSED] - sendKeys: Keys 'autouserqa1@mailinator.com' sent to object: 'Object Repository/Kademi-vladtest22/input_email (1)'

2018-06-12 09:33:45 - [MESSAGE][PASSED] - Concatenated string array: '['autouserqa1','@mailinator.com']' into 'autouserqa1@mailinator.com'

2018-06-12 09:33:45 - [MESSAGE][PASSED] - Keys 'autouserqa1@mailinator.com' sent to object: 'Object Repository/Kademi-vladtest22/input_email (1)'

2018-06-12 09:33:45 - [TEST_STEP][PASSED] - click: Object: 'Object Repository/Kademi-vladtest22/select_group' is clicked on

2018-06-12 09:33:45 - [MESSAGE][PASSED] - Object: 'Object Repository/Kademi-vladtest22/select_group' is clicked on

2018-06-12 09:33:45 - [TEST_STEP][FAILED] - selectOptionByValue: Unable to select option by value 'contacts' of object 'Object Repository/Kademi-vladtest22/select_group'  using regular expression (Root cause: No option matched.)

2018-06-12 09:33:46 - [MESSAGE][FAILED] - No option matched.

2018-06-12 09:33:46 - [MESSAGE][FAILED] - Unable to select option by value 'contacts' of object 'Object Repository/Kademi-vladtest22/select_group'  using regular expression (Root cause: No option matched.)
[[ATTACHMENT|D:\\kademi\\Katalon\\Kademi_next\\Kademi\\Reports\\Kademi test suite\\20180612_093051\\1528785226118.png]]]]></system-out>
         <system-err><![CDATA[2018-06-12 09:33:02 - [TEST_CASE][FAILED] - Test Cases/Auto6-Create-users-send-email: Test Cases/Auto6-Create-users-send-email FAILED because (of) Unable to select option by value 'contacts' of object 'Object Repository/Kademi-vladtest22/select_group'  using regular expression (Root cause: No option matched.)]]></system-err>
      </testcase>
      <system-out><![CDATA[2018-06-12 09:30:53 - [TEST_SUITE][FAILED] - Kademi test suite: Test Cases/Auto1-Create-user FAILED because (of) Unable to click on object 'Object Repository/Kademi-vladtest22/span_Groups  users (1)' (Root cause: com.kms.katalon.core.webui.exception.WebElementNotFoundException: Web element with id: 'Object Repository/Kademi-vladtest22/span_Groups  users (1)' located by 'By.xpath: //span[(text() = 'Groups & users' or . = 'Groups & users')]' not found)]]></system-out>
      <system-err><![CDATA[2018-06-12 09:30:53 - [TEST_SUITE][FAILED] - Kademi test suite: Test Cases/Auto1-Create-user FAILED because (of) Unable to click on object 'Object Repository/Kademi-vladtest22/span_Groups  users (1)' (Root cause: com.kms.katalon.core.webui.exception.WebElementNotFoundException: Web element with id: 'Object Repository/Kademi-vladtest22/span_Groups  users (1)' located by 'By.xpath: //span[(text() = 'Groups & users' or . = 'Groups & users')]' not found)]]></system-err>
   </testsuite>
</testsuites>
