<?xml version="1.0" encoding="UTF-8"?>
<testsuites name="Kademi test suite" time="430" tests="1" failures="3" errors="0">
   <testsuite name="Kademi test suite" tests="1" failures="3" errors="0" time="430" timestamp="2018-06-12 09:23:40" hostname="CI0-000-6057N$ - ci0-000-6057N" id="Test Suites/Kademi test suite">
      <properties>
         <property name="deviceName" value=""/>
         <property name="devicePlatform" value=""/>
         <property name="logFolder" value="D:\\kademi\\Katalon\\Kademi_next\\Kademi\\Reports\\Kademi test suite\\20180612_092336"/>
         <property name="logFiles" value="D:\\kademi\\Katalon\\Kademi_next\\Kademi\\Reports\\Kademi test suite\\20180612_092336\\execution0.log"/>
         <property name="attachments" value="D:\\kademi\\Katalon\\Kademi_next\\Kademi\\Reports\\Kademi test suite\\20180612_092336\\1528784691837.png, D:\\kademi\\Katalon\\Kademi_next\\Kademi\\Reports\\Kademi test suite\\20180612_092336\\1528784754466.png, D:\\kademi\\Katalon\\Kademi_next\\Kademi\\Reports\\Kademi test suite\\20180612_092336\\1528785050119.png"/>
         <property name="hostName" value="CI0-000-6057N$ - ci0-000-6057N"/>
         <property name="os" value="Windows 10 64bit"/>
         <property name="katalonVersion" value="5.3.0.1"/>
         <property name="browser" value="Chrome 66.0.3359.181"/>
         <property name="hostAddress" value="192.168.248.1"/>
         <property name="sessionId" value="bf141b7f89bee3ccd647b59d25341bd4"/>
         <property name="seleniumVersion" value="3.7.1"/>
         <property name="proxyInformation" value="ProxyInformation{proxyOption=NO_PROXY, proxyServerType=HTTP, password=, proxyServerAddress=, proxyServerPort=0}"/>
         <property name="platform" value="Windows 10"/>
      </properties>
      <testcase name="Test Cases/Auto1-Create-user" classname="Test Cases/Auto1-Create-user" status="FAILED">
         <failure type="FAILED" message="Unable to click on object 'Object Repository/Kademi-vladtest22/span_Groups  users (1)' (Root cause: com.kms.katalon.core.webui.exception.WebElementNotFoundException: Web element with id: 'Object Repository/Kademi-vladtest22/span_Groups  users (1)' located by 'By.xpath: //span[(text() = 'Groups &amp; users' or . = 'Groups &amp; users')]' not found)"/>
         <system-out><![CDATA[2018-06-12 09:23:41 - [TEST_CASE][FAILED] - Test Cases/Auto1-Create-user: Test Cases/Auto1-Create-user FAILED because (of) Unable to click on object 'Object Repository/Kademi-vladtest22/span_Groups  users (1)' (Root cause: com.kms.katalon.core.webui.exception.WebElementNotFoundException: Web element with id: 'Object Repository/Kademi-vladtest22/span_Groups  users (1)' located by 'By.xpath: //span[(text() = 'Groups & users' or . = 'Groups & users')]' not found)

2018-06-12 09:23:42 - [TEST_STEP][PASSED] - Statement - rnd = new java.util.Random(): null

2018-06-12 09:23:42 - [TEST_STEP][PASSED] - Statement - randomdigit = rnd.nextInt(9999): null

2018-06-12 09:23:42 - [TEST_STEP][PASSED] - Statement - usertestname = com.kms.katalon.core.webui.keyword.WebUiBuiltInKeywords.concatenate(["autouserqa", randomdigit]): Concatenated string array: '['autouserqa','4579']' into 'autouserqa4579'

2018-06-12 09:23:42 - [MESSAGE][PASSED] - Concatenated string array: '['autouserqa','4579']' into 'autouserqa4579'

2018-06-12 09:23:42 - [TEST_STEP][PASSED] - openBrowser: Browser is opened with url: 'http://vladtest50c.admin.kademi-ci.co'

2018-06-12 09:24:03 - [MESSAGE][PASSED] - Browser is opened with url: 'http://vladtest50c.admin.kademi-ci.co'

2018-06-12 09:24:03 - [TEST_STEP][PASSED] - maximizeWindow: Current window maximized

2018-06-12 09:24:04 - [MESSAGE][PASSED] - Current window maximized

2018-06-12 09:24:04 - [TEST_STEP][PASSED] - setText: Text 'adminqa@mailinator.com' is set on object 'Object Repository/kademi-vladtest/input_email'

2018-06-12 09:24:05 - [MESSAGE][PASSED] - Text 'adminqa@mailinator.com' is set on object 'Object Repository/kademi-vladtest/input_email'

2018-06-12 09:24:05 - [TEST_STEP][PASSED] - setText: Text 'Pa$$w0rd' is set on object 'Object Repository/kademi-vladtest/input_password'

2018-06-12 09:24:05 - [MESSAGE][PASSED] - Text 'Pa$$w0rd' is set on object 'Object Repository/kademi-vladtest/input_password'

2018-06-12 09:24:05 - [TEST_STEP][PASSED] - sendKeys: Keys 'ENTER + ' sent to object: 'Object Repository/kademi-vladtest/input_password'

2018-06-12 09:24:06 - [MESSAGE][PASSED] - Keys 'ENTER + ' sent to object: 'Object Repository/kademi-vladtest/input_password'

2018-06-12 09:24:06 - [TEST_STEP][PASSED] - delay: Delayed 15 second(s)

2018-06-12 09:24:21 - [MESSAGE][PASSED] - Delayed 15 second(s)

2018-06-12 09:24:21 - [TEST_STEP][FAILED] - click: Unable to click on object 'Object Repository/Kademi-vladtest22/span_Groups  users (1)' (Root cause: com.kms.katalon.core.webui.exception.WebElementNotFoundException: Web element with id: 'Object Repository/Kademi-vladtest22/span_Groups  users (1)' located by 'By.xpath: //span[(text() = 'Groups & users' or . = 'Groups & users')]' not found)

2018-06-12 09:24:52 - [MESSAGE][FAILED] - Unable to click on object 'Object Repository/Kademi-vladtest22/span_Groups  users (1)' (Root cause: com.kms.katalon.core.webui.exception.WebElementNotFoundException: Web element with id: 'Object Repository/Kademi-vladtest22/span_Groups  users (1)' located by 'By.xpath: //span[(text() = 'Groups & users' or . = 'Groups & users')]' not found)
[[ATTACHMENT|D:\\kademi\\Katalon\\Kademi_next\\Kademi\\Reports\\Kademi test suite\\20180612_092336\\1528784691837.png]]]]></system-out>
         <system-err><![CDATA[2018-06-12 09:23:41 - [TEST_CASE][FAILED] - Test Cases/Auto1-Create-user: Test Cases/Auto1-Create-user FAILED because (of) Unable to click on object 'Object Repository/Kademi-vladtest22/span_Groups  users (1)' (Root cause: com.kms.katalon.core.webui.exception.WebElementNotFoundException: Web element with id: 'Object Repository/Kademi-vladtest22/span_Groups  users (1)' located by 'By.xpath: //span[(text() = 'Groups & users' or . = 'Groups & users')]' not found)]]></system-err>
      </testcase>
      <testcase name="Test Cases/Auto2-Keditor-Simple-Test" classname="Test Cases/Auto2-Keditor-Simple-Test" status="FAILED">
         <failure type="FAILED" message="Unable to click on object 'Object Repository/Kademi-vladtest22/span_Content' (Root cause: com.kms.katalon.core.webui.exception.WebElementNotFoundException: Web element with id: 'Object Repository/Kademi-vladtest22/span_Content' located by 'By.xpath: //span[(text() = 'Content' or . = 'Content')]' not found)"/>
         <system-out><![CDATA[2018-06-12 09:24:52 - [TEST_CASE][FAILED] - Test Cases/Auto2-Keditor-Simple-Test: Test Cases/Auto2-Keditor-Simple-Test FAILED because (of) Unable to click on object 'Object Repository/Kademi-vladtest22/span_Content' (Root cause: com.kms.katalon.core.webui.exception.WebElementNotFoundException: Web element with id: 'Object Repository/Kademi-vladtest22/span_Content' located by 'By.xpath: //span[(text() = 'Content' or . = 'Content')]' not found)

2018-06-12 09:24:52 - [TEST_STEP][PASSED] - Statement - rnd = new java.util.Random(): null

2018-06-12 09:24:52 - [TEST_STEP][PASSED] - Statement - randomdigit = rnd.nextInt(9999): null

2018-06-12 09:24:52 - [TEST_STEP][PASSED] - Statement - pagetestname = com.kms.katalon.core.webui.keyword.WebUiBuiltInKeywords.concatenate(["pagetest", randomdigit]): Concatenated string array: '['pagetest','2941']' into 'pagetest2941'

2018-06-12 09:24:52 - [MESSAGE][PASSED] - Concatenated string array: '['pagetest','2941']' into 'pagetest2941'

2018-06-12 09:24:52 - [TEST_STEP][PASSED] - openBrowser: Browser is opened with url: 'http://vladtest50c.admin.kademi-ci.co'

2018-06-12 09:24:52 - [MESSAGE][WARNING] - A browser is already opened. Closing browser and opening a new one

2018-06-12 09:25:06 - [MESSAGE][PASSED] - Browser is opened with url: 'http://vladtest50c.admin.kademi-ci.co'

2018-06-12 09:25:06 - [TEST_STEP][PASSED] - maximizeWindow: Current window maximized

2018-06-12 09:25:07 - [MESSAGE][PASSED] - Current window maximized

2018-06-12 09:25:07 - [TEST_STEP][PASSED] - setText: Text 'adminqa@mailinator.com' is set on object 'Object Repository/kademi-vladtest/input_email'

2018-06-12 09:25:07 - [MESSAGE][PASSED] - Text 'adminqa@mailinator.com' is set on object 'Object Repository/kademi-vladtest/input_email'

2018-06-12 09:25:07 - [TEST_STEP][PASSED] - setText: Text 'Pa$$w0rd' is set on object 'Object Repository/kademi-vladtest/input_password'

2018-06-12 09:25:07 - [MESSAGE][PASSED] - Text 'Pa$$w0rd' is set on object 'Object Repository/kademi-vladtest/input_password'

2018-06-12 09:25:07 - [TEST_STEP][PASSED] - sendKeys: Keys 'ENTER + ' sent to object: 'Object Repository/kademi-vladtest/input_password'

2018-06-12 09:25:08 - [MESSAGE][PASSED] - Keys 'ENTER + ' sent to object: 'Object Repository/kademi-vladtest/input_password'

2018-06-12 09:25:08 - [TEST_STEP][PASSED] - delay: Delayed 15 second(s)

2018-06-12 09:25:23 - [MESSAGE][PASSED] - Delayed 15 second(s)

2018-06-12 09:25:23 - [TEST_STEP][FAILED] - click: Unable to click on object 'Object Repository/Kademi-vladtest22/span_Content' (Root cause: com.kms.katalon.core.webui.exception.WebElementNotFoundException: Web element with id: 'Object Repository/Kademi-vladtest22/span_Content' located by 'By.xpath: //span[(text() = 'Content' or . = 'Content')]' not found)

2018-06-12 09:25:54 - [MESSAGE][FAILED] - Unable to click on object 'Object Repository/Kademi-vladtest22/span_Content' (Root cause: com.kms.katalon.core.webui.exception.WebElementNotFoundException: Web element with id: 'Object Repository/Kademi-vladtest22/span_Content' located by 'By.xpath: //span[(text() = 'Content' or . = 'Content')]' not found)
[[ATTACHMENT|D:\\kademi\\Katalon\\Kademi_next\\Kademi\\Reports\\Kademi test suite\\20180612_092336\\1528784754466.png]]]]></system-out>
         <system-err><![CDATA[2018-06-12 09:24:52 - [TEST_CASE][FAILED] - Test Cases/Auto2-Keditor-Simple-Test: Test Cases/Auto2-Keditor-Simple-Test FAILED because (of) Unable to click on object 'Object Repository/Kademi-vladtest22/span_Content' (Root cause: com.kms.katalon.core.webui.exception.WebElementNotFoundException: Web element with id: 'Object Repository/Kademi-vladtest22/span_Content' located by 'By.xpath: //span[(text() = 'Content' or . = 'Content')]' not found)]]></system-err>
      </testcase>
      <testcase name="Test Cases/Auto5-Multiple-Users-login-test" classname="Test Cases/Auto5-Multiple-Users-login-test" status="PASSED">
         <system-out><![CDATA[2018-06-12 09:25:54 - [TEST_CASE][PASSED] - Test Cases/Auto5-Multiple-Users-login-test: Test Cases/Auto5-Multiple-Users-login-test

2018-06-12 09:25:55 - [TEST_STEP][PASSED] - Statement - data = com.kms.katalon.core.testdata.TestDataFactory.findTestData(Usernames_passwords): Reading CSV file with source file 'comma', separator 'containing header' and '{2}'

2018-06-12 09:25:55 - [TEST_STEP][PASSED] - Statement - log = new com.kms.katalon.core.logging.KeywordLogger(): null

2018-06-12 09:25:55 - [TEST_STEP][NOT_RUN] - Statement - rownum = data.getRowNumbers(): NOT_RUN: Statement - rownum = data.getRowNumbers()

2018-06-12 09:25:55 - [MESSAGE][NOT_RUN] - NOT_RUN: Statement - rownum = data.getRowNumbers()

2018-06-12 09:25:55 - [TEST_STEP][NOT_RUN] - Statement - test = data.getValue(1, 6): NOT_RUN: Statement - test = data.getValue(1, 6)

2018-06-12 09:25:55 - [MESSAGE][NOT_RUN] - NOT_RUN: Statement - test = data.getValue(1, 6)

2018-06-12 09:25:55 - [TEST_STEP][NOT_RUN] - Statement - log.logInfo("yourMsg " + test): NOT_RUN: Statement - log.logInfo("yourMsg " + test)

2018-06-12 09:25:55 - [MESSAGE][NOT_RUN] - NOT_RUN: Statement - log.logInfo("yourMsg " + test)

2018-06-12 09:25:55 - [TEST_STEP][PASSED] - Statement - For (def index : (1..data.getRowNumbers())): Browser is closed

2018-06-12 09:25:55 - [TEST_STEP][PASSED] - Statement - varUsername = data.getValue(1, index): null

2018-06-12 09:25:55 - [TEST_STEP][PASSED] - Statement - varPassword = data.getValue(6, index): null

2018-06-12 09:25:55 - [TEST_STEP][PASSED] - openBrowser: Browser is opened with url: 'http://vladtest51hleads-vladtest51h.kademi-ci.co/dashboard'

2018-06-12 09:25:55 - [MESSAGE][WARNING] - A browser is already opened. Closing browser and opening a new one

2018-06-12 09:26:19 - [MESSAGE][PASSED] - Browser is opened with url: 'http://vladtest51hleads-vladtest51h.kademi-ci.co/dashboard'

2018-06-12 09:26:19 - [TEST_STEP][PASSED] - maximizeWindow: Current window maximized

2018-06-12 09:26:20 - [MESSAGE][PASSED] - Current window maximized

2018-06-12 09:26:20 - [TEST_STEP][PASSED] - setText: Text 'blackberryuser5@mailinator.com' is set on object 'Object Repository/frontend/frontend-input_email_lead'

2018-06-12 09:26:20 - [MESSAGE][PASSED] - Text 'blackberryuser5@mailinator.com' is set on object 'Object Repository/frontend/frontend-input_email_lead'

2018-06-12 09:26:20 - [TEST_STEP][PASSED] - setText: Text 'Pa$$w0rd' is set on object 'Object Repository/frontend/frontend-input_password-lead'

2018-06-12 09:26:20 - [MESSAGE][PASSED] - Text 'Pa$$w0rd' is set on object 'Object Repository/frontend/frontend-input_password-lead'

2018-06-12 09:26:20 - [TEST_STEP][PASSED] - sendKeys: Keys 'ENTER + ' sent to object: 'Object Repository/kademi-vladtest/input_password'

2018-06-12 09:26:20 - [MESSAGE][PASSED] - Keys 'ENTER + ' sent to object: 'Object Repository/kademi-vladtest/input_password'

2018-06-12 09:26:20 - [TEST_STEP][PASSED] - delay: Delayed 20 second(s)

2018-06-12 09:26:40 - [MESSAGE][PASSED] - Delayed 20 second(s)

2018-06-12 09:26:40 - [TEST_STEP][PASSED] - click: Object: 'Object Repository/frontend/frontend_profile_dropdown' is clicked on

2018-06-12 09:26:41 - [MESSAGE][PASSED] - Object: 'Object Repository/frontend/frontend_profile_dropdown' is clicked on

2018-06-12 09:26:41 - [TEST_STEP][PASSED] - delay: Delayed 1 second(s)

2018-06-12 09:26:42 - [MESSAGE][PASSED] - Delayed 1 second(s)

2018-06-12 09:26:42 - [TEST_STEP][NOT_RUN] - click: NOT_RUN: click

2018-06-12 09:26:42 - [MESSAGE][NOT_RUN] - NOT_RUN: click

2018-06-12 09:26:42 - [TEST_STEP][NOT_RUN] - delay: NOT_RUN: delay

2018-06-12 09:26:42 - [MESSAGE][NOT_RUN] - NOT_RUN: delay

2018-06-12 09:26:42 - [TEST_STEP][PASSED] - click: Object: 'Object Repository/frontend/frontend_Logout-button' is clicked on

2018-06-12 09:26:42 - [MESSAGE][PASSED] - Object: 'Object Repository/frontend/frontend_Logout-button' is clicked on

2018-06-12 09:26:42 - [TEST_STEP][PASSED] - delay: Delayed 5 second(s)

2018-06-12 09:26:47 - [MESSAGE][PASSED] - Delayed 5 second(s)

2018-06-12 09:26:47 - [TEST_STEP][PASSED] - refresh: Refresh successfully

2018-06-12 09:26:48 - [MESSAGE][PASSED] - Refresh successfully

2018-06-12 09:26:48 - [TEST_STEP][PASSED] - closeBrowser: Browser is closed

2018-06-12 09:26:48 - [MESSAGE][PASSED] - Browser is closed

2018-06-12 09:26:48 - [TEST_STEP][PASSED] - Statement - varUsername = data.getValue(1, index): null

2018-06-12 09:26:48 - [TEST_STEP][PASSED] - Statement - varPassword = data.getValue(6, index): null

2018-06-12 09:26:48 - [TEST_STEP][PASSED] - openBrowser: Browser is opened with url: 'http://vladtest51hleads-vladtest51h.kademi-ci.co/dashboard'

2018-06-12 09:27:05 - [MESSAGE][PASSED] - Browser is opened with url: 'http://vladtest51hleads-vladtest51h.kademi-ci.co/dashboard'

2018-06-12 09:27:05 - [TEST_STEP][PASSED] - maximizeWindow: Current window maximized

2018-06-12 09:27:06 - [MESSAGE][PASSED] - Current window maximized

2018-06-12 09:27:06 - [TEST_STEP][PASSED] - setText: Text 'blackberryuser1@mailinator.com' is set on object 'Object Repository/frontend/frontend-input_email_lead'

2018-06-12 09:27:07 - [MESSAGE][PASSED] - Text 'blackberryuser1@mailinator.com' is set on object 'Object Repository/frontend/frontend-input_email_lead'

2018-06-12 09:27:07 - [TEST_STEP][PASSED] - setText: Text 'passw0rd' is set on object 'Object Repository/frontend/frontend-input_password-lead'

2018-06-12 09:27:07 - [MESSAGE][PASSED] - Text 'passw0rd' is set on object 'Object Repository/frontend/frontend-input_password-lead'

2018-06-12 09:27:07 - [TEST_STEP][PASSED] - sendKeys: Keys 'ENTER + ' sent to object: 'Object Repository/kademi-vladtest/input_password'

2018-06-12 09:27:07 - [MESSAGE][PASSED] - Keys 'ENTER + ' sent to object: 'Object Repository/kademi-vladtest/input_password'

2018-06-12 09:27:07 - [TEST_STEP][PASSED] - delay: Delayed 20 second(s)

2018-06-12 09:27:27 - [MESSAGE][PASSED] - Delayed 20 second(s)

2018-06-12 09:27:27 - [TEST_STEP][PASSED] - click: Object: 'Object Repository/frontend/frontend_profile_dropdown' is clicked on

2018-06-12 09:27:27 - [MESSAGE][PASSED] - Object: 'Object Repository/frontend/frontend_profile_dropdown' is clicked on

2018-06-12 09:27:27 - [TEST_STEP][PASSED] - delay: Delayed 1 second(s)

2018-06-12 09:27:28 - [MESSAGE][PASSED] - Delayed 1 second(s)

2018-06-12 09:27:28 - [TEST_STEP][NOT_RUN] - click: NOT_RUN: click

2018-06-12 09:27:28 - [MESSAGE][NOT_RUN] - NOT_RUN: click

2018-06-12 09:27:28 - [TEST_STEP][NOT_RUN] - delay: NOT_RUN: delay

2018-06-12 09:27:28 - [MESSAGE][NOT_RUN] - NOT_RUN: delay

2018-06-12 09:27:28 - [TEST_STEP][PASSED] - click: Object: 'Object Repository/frontend/frontend_Logout-button' is clicked on

2018-06-12 09:27:28 - [MESSAGE][PASSED] - Object: 'Object Repository/frontend/frontend_Logout-button' is clicked on

2018-06-12 09:27:28 - [TEST_STEP][PASSED] - delay: Delayed 5 second(s)

2018-06-12 09:27:33 - [MESSAGE][PASSED] - Delayed 5 second(s)

2018-06-12 09:27:33 - [TEST_STEP][PASSED] - refresh: Refresh successfully

2018-06-12 09:27:34 - [MESSAGE][PASSED] - Refresh successfully

2018-06-12 09:27:34 - [TEST_STEP][PASSED] - closeBrowser: Browser is closed

2018-06-12 09:27:34 - [MESSAGE][PASSED] - Browser is closed

2018-06-12 09:27:34 - [TEST_STEP][PASSED] - Statement - varUsername = data.getValue(1, index): null

2018-06-12 09:27:34 - [TEST_STEP][PASSED] - Statement - varPassword = data.getValue(6, index): null

2018-06-12 09:27:34 - [TEST_STEP][PASSED] - openBrowser: Browser is opened with url: 'http://vladtest51hleads-vladtest51h.kademi-ci.co/dashboard'

2018-06-12 09:27:47 - [MESSAGE][PASSED] - Browser is opened with url: 'http://vladtest51hleads-vladtest51h.kademi-ci.co/dashboard'

2018-06-12 09:27:47 - [TEST_STEP][PASSED] - maximizeWindow: Current window maximized

2018-06-12 09:27:48 - [MESSAGE][PASSED] - Current window maximized

2018-06-12 09:27:48 - [TEST_STEP][PASSED] - setText: Text 'blackberryuser3@mailinator.com' is set on object 'Object Repository/frontend/frontend-input_email_lead'

2018-06-12 09:27:49 - [MESSAGE][PASSED] - Text 'blackberryuser3@mailinator.com' is set on object 'Object Repository/frontend/frontend-input_email_lead'

2018-06-12 09:27:49 - [TEST_STEP][PASSED] - setText: Text 'Pa$$w0rd' is set on object 'Object Repository/frontend/frontend-input_password-lead'

2018-06-12 09:27:49 - [MESSAGE][PASSED] - Text 'Pa$$w0rd' is set on object 'Object Repository/frontend/frontend-input_password-lead'

2018-06-12 09:27:49 - [TEST_STEP][PASSED] - sendKeys: Keys 'ENTER + ' sent to object: 'Object Repository/kademi-vladtest/input_password'

2018-06-12 09:27:49 - [MESSAGE][PASSED] - Keys 'ENTER + ' sent to object: 'Object Repository/kademi-vladtest/input_password'

2018-06-12 09:27:49 - [TEST_STEP][PASSED] - delay: Delayed 20 second(s)

2018-06-12 09:28:09 - [MESSAGE][PASSED] - Delayed 20 second(s)

2018-06-12 09:28:09 - [TEST_STEP][PASSED] - click: Object: 'Object Repository/frontend/frontend_profile_dropdown' is clicked on

2018-06-12 09:28:09 - [MESSAGE][PASSED] - Object: 'Object Repository/frontend/frontend_profile_dropdown' is clicked on

2018-06-12 09:28:09 - [TEST_STEP][PASSED] - delay: Delayed 1 second(s)

2018-06-12 09:28:10 - [MESSAGE][PASSED] - Delayed 1 second(s)

2018-06-12 09:28:10 - [TEST_STEP][NOT_RUN] - click: NOT_RUN: click

2018-06-12 09:28:10 - [MESSAGE][NOT_RUN] - NOT_RUN: click

2018-06-12 09:28:10 - [TEST_STEP][NOT_RUN] - delay: NOT_RUN: delay

2018-06-12 09:28:10 - [MESSAGE][NOT_RUN] - NOT_RUN: delay

2018-06-12 09:28:10 - [TEST_STEP][PASSED] - click: Object: 'Object Repository/frontend/frontend_Logout-button' is clicked on

2018-06-12 09:28:10 - [MESSAGE][PASSED] - Object: 'Object Repository/frontend/frontend_Logout-button' is clicked on

2018-06-12 09:28:10 - [TEST_STEP][PASSED] - delay: Delayed 5 second(s)

2018-06-12 09:28:15 - [MESSAGE][PASSED] - Delayed 5 second(s)

2018-06-12 09:28:15 - [TEST_STEP][PASSED] - refresh: Refresh successfully

2018-06-12 09:28:16 - [MESSAGE][PASSED] - Refresh successfully

2018-06-12 09:28:16 - [TEST_STEP][PASSED] - closeBrowser: Browser is closed

2018-06-12 09:28:16 - [MESSAGE][PASSED] - Browser is closed

2018-06-12 09:28:16 - [TEST_STEP][PASSED] - Statement - varUsername = data.getValue(1, index): null

2018-06-12 09:28:16 - [TEST_STEP][PASSED] - Statement - varPassword = data.getValue(6, index): null

2018-06-12 09:28:16 - [TEST_STEP][PASSED] - openBrowser: Browser is opened with url: 'http://vladtest51hleads-vladtest51h.kademi-ci.co/dashboard'

2018-06-12 09:28:30 - [MESSAGE][PASSED] - Browser is opened with url: 'http://vladtest51hleads-vladtest51h.kademi-ci.co/dashboard'

2018-06-12 09:28:30 - [TEST_STEP][PASSED] - maximizeWindow: Current window maximized

2018-06-12 09:28:31 - [MESSAGE][PASSED] - Current window maximized

2018-06-12 09:28:31 - [TEST_STEP][PASSED] - setText: Text 'blackberryuser2@mailinator.com' is set on object 'Object Repository/frontend/frontend-input_email_lead'

2018-06-12 09:28:32 - [MESSAGE][PASSED] - Text 'blackberryuser2@mailinator.com' is set on object 'Object Repository/frontend/frontend-input_email_lead'

2018-06-12 09:28:32 - [TEST_STEP][PASSED] - setText: Text 'Pa$$w0rd' is set on object 'Object Repository/frontend/frontend-input_password-lead'

2018-06-12 09:28:32 - [MESSAGE][PASSED] - Text 'Pa$$w0rd' is set on object 'Object Repository/frontend/frontend-input_password-lead'

2018-06-12 09:28:32 - [TEST_STEP][PASSED] - sendKeys: Keys 'ENTER + ' sent to object: 'Object Repository/kademi-vladtest/input_password'

2018-06-12 09:28:32 - [MESSAGE][PASSED] - Keys 'ENTER + ' sent to object: 'Object Repository/kademi-vladtest/input_password'

2018-06-12 09:28:32 - [TEST_STEP][PASSED] - delay: Delayed 20 second(s)

2018-06-12 09:28:52 - [MESSAGE][PASSED] - Delayed 20 second(s)

2018-06-12 09:28:52 - [TEST_STEP][PASSED] - click: Object: 'Object Repository/frontend/frontend_profile_dropdown' is clicked on

2018-06-12 09:28:52 - [MESSAGE][PASSED] - Object: 'Object Repository/frontend/frontend_profile_dropdown' is clicked on

2018-06-12 09:28:52 - [TEST_STEP][PASSED] - delay: Delayed 1 second(s)

2018-06-12 09:28:53 - [MESSAGE][PASSED] - Delayed 1 second(s)

2018-06-12 09:28:53 - [TEST_STEP][NOT_RUN] - click: NOT_RUN: click

2018-06-12 09:28:53 - [MESSAGE][NOT_RUN] - NOT_RUN: click

2018-06-12 09:28:53 - [TEST_STEP][NOT_RUN] - delay: NOT_RUN: delay

2018-06-12 09:28:53 - [MESSAGE][NOT_RUN] - NOT_RUN: delay

2018-06-12 09:28:53 - [TEST_STEP][PASSED] - click: Object: 'Object Repository/frontend/frontend_Logout-button' is clicked on

2018-06-12 09:28:53 - [MESSAGE][PASSED] - Object: 'Object Repository/frontend/frontend_Logout-button' is clicked on

2018-06-12 09:28:53 - [TEST_STEP][PASSED] - delay: Delayed 5 second(s)

2018-06-12 09:28:58 - [MESSAGE][PASSED] - Delayed 5 second(s)

2018-06-12 09:28:58 - [TEST_STEP][PASSED] - refresh: Refresh successfully

2018-06-12 09:28:59 - [MESSAGE][PASSED] - Refresh successfully

2018-06-12 09:28:59 - [TEST_STEP][PASSED] - closeBrowser: Browser is closed

2018-06-12 09:28:59 - [MESSAGE][PASSED] - Browser is closed

2018-06-12 09:28:59 - [TEST_STEP][PASSED] - Statement - varUsername = data.getValue(1, index): null

2018-06-12 09:28:59 - [TEST_STEP][PASSED] - Statement - varPassword = data.getValue(6, index): null

2018-06-12 09:28:59 - [TEST_STEP][PASSED] - openBrowser: Browser is opened with url: 'http://vladtest51hleads-vladtest51h.kademi-ci.co/dashboard'

2018-06-12 09:29:26 - [MESSAGE][PASSED] - Browser is opened with url: 'http://vladtest51hleads-vladtest51h.kademi-ci.co/dashboard'

2018-06-12 09:29:26 - [TEST_STEP][PASSED] - maximizeWindow: Current window maximized

2018-06-12 09:29:27 - [MESSAGE][PASSED] - Current window maximized

2018-06-12 09:29:27 - [TEST_STEP][PASSED] - setText: Text 'blackberryuser4@mailinator.com' is set on object 'Object Repository/frontend/frontend-input_email_lead'

2018-06-12 09:29:27 - [MESSAGE][PASSED] - Text 'blackberryuser4@mailinator.com' is set on object 'Object Repository/frontend/frontend-input_email_lead'

2018-06-12 09:29:27 - [TEST_STEP][PASSED] - setText: Text 'passw0rd' is set on object 'Object Repository/frontend/frontend-input_password-lead'

2018-06-12 09:29:28 - [MESSAGE][PASSED] - Text 'passw0rd' is set on object 'Object Repository/frontend/frontend-input_password-lead'

2018-06-12 09:29:28 - [TEST_STEP][PASSED] - sendKeys: Keys 'ENTER + ' sent to object: 'Object Repository/kademi-vladtest/input_password'

2018-06-12 09:29:28 - [MESSAGE][PASSED] - Keys 'ENTER + ' sent to object: 'Object Repository/kademi-vladtest/input_password'

2018-06-12 09:29:28 - [TEST_STEP][PASSED] - delay: Delayed 20 second(s)

2018-06-12 09:29:48 - [MESSAGE][PASSED] - Delayed 20 second(s)

2018-06-12 09:29:48 - [TEST_STEP][PASSED] - click: Object: 'Object Repository/frontend/frontend_profile_dropdown' is clicked on

2018-06-12 09:29:48 - [MESSAGE][PASSED] - Object: 'Object Repository/frontend/frontend_profile_dropdown' is clicked on

2018-06-12 09:29:48 - [TEST_STEP][PASSED] - delay: Delayed 1 second(s)

2018-06-12 09:29:49 - [MESSAGE][PASSED] - Delayed 1 second(s)

2018-06-12 09:29:49 - [TEST_STEP][NOT_RUN] - click: NOT_RUN: click

2018-06-12 09:29:49 - [MESSAGE][NOT_RUN] - NOT_RUN: click

2018-06-12 09:29:49 - [TEST_STEP][NOT_RUN] - delay: NOT_RUN: delay

2018-06-12 09:29:49 - [MESSAGE][NOT_RUN] - NOT_RUN: delay

2018-06-12 09:29:49 - [TEST_STEP][PASSED] - click: Object: 'Object Repository/frontend/frontend_Logout-button' is clicked on

2018-06-12 09:29:49 - [MESSAGE][PASSED] - Object: 'Object Repository/frontend/frontend_Logout-button' is clicked on

2018-06-12 09:29:49 - [TEST_STEP][PASSED] - delay: Delayed 5 second(s)

2018-06-12 09:29:54 - [MESSAGE][PASSED] - Delayed 5 second(s)

2018-06-12 09:29:54 - [TEST_STEP][PASSED] - refresh: Refresh successfully

2018-06-12 09:30:04 - [MESSAGE][PASSED] - Refresh successfully

2018-06-12 09:30:04 - [TEST_STEP][PASSED] - closeBrowser: Browser is closed

2018-06-12 09:30:05 - [MESSAGE][PASSED] - Browser is closed]]></system-out>
         <system-err><![CDATA[]]></system-err>
      </testcase>
      <testcase name="Test Cases/Auto6-Create-users-send-email" classname="Test Cases/Auto6-Create-users-send-email" status="FAILED">
         <failure type="FAILED" message="Unable to select option by value 'contacts' of object 'Object Repository/Kademi-vladtest22/select_group'  using regular expression (Root cause: No option matched.)"/>
         <system-out><![CDATA[2018-06-12 09:30:05 - [TEST_CASE][FAILED] - Test Cases/Auto6-Create-users-send-email: Test Cases/Auto6-Create-users-send-email FAILED because (of) Unable to select option by value 'contacts' of object 'Object Repository/Kademi-vladtest22/select_group'  using regular expression (Root cause: No option matched.)

2018-06-12 09:30:05 - [TEST_STEP][PASSED] - Statement - rnd = new java.util.Random(): null

2018-06-12 09:30:05 - [TEST_STEP][PASSED] - Statement - randomdigit = rnd.nextInt(9999): null

2018-06-12 09:30:05 - [TEST_STEP][PASSED] - Statement - emailtestname = com.kms.katalon.core.webui.keyword.WebUiBuiltInKeywords.concatenate(["emailjob", randomdigit]): Concatenated string array: '['emailjob','2255']' into 'emailjob2255'

2018-06-12 09:30:05 - [MESSAGE][PASSED] - Concatenated string array: '['emailjob','2255']' into 'emailjob2255'

2018-06-12 09:30:05 - [TEST_STEP][PASSED] - openBrowser: Browser is opened with url: 'http://vladtest51w.admin.kademi-ci.co'

2018-06-12 09:30:18 - [MESSAGE][PASSED] - Browser is opened with url: 'http://vladtest51w.admin.kademi-ci.co'

2018-06-12 09:30:18 - [TEST_STEP][PASSED] - maximizeWindow: Current window maximized

2018-06-12 09:30:19 - [MESSAGE][PASSED] - Current window maximized

2018-06-12 09:30:19 - [TEST_STEP][PASSED] - setText: Text 'adminqa@mailinator.com' is set on object 'Object Repository/kademi-vladtest/input_email'

2018-06-12 09:30:20 - [MESSAGE][PASSED] - Text 'adminqa@mailinator.com' is set on object 'Object Repository/kademi-vladtest/input_email'

2018-06-12 09:30:20 - [TEST_STEP][PASSED] - setText: Text 'Pa$$w0rd' is set on object 'Object Repository/kademi-vladtest/input_password'

2018-06-12 09:30:20 - [MESSAGE][PASSED] - Text 'Pa$$w0rd' is set on object 'Object Repository/kademi-vladtest/input_password'

2018-06-12 09:30:20 - [TEST_STEP][PASSED] - sendKeys: Keys 'ENTER + ' sent to object: 'Object Repository/kademi-vladtest/input_password'

2018-06-12 09:30:20 - [MESSAGE][PASSED] - Keys 'ENTER + ' sent to object: 'Object Repository/kademi-vladtest/input_password'

2018-06-12 09:30:20 - [TEST_STEP][PASSED] - delay: Delayed 20 second(s)

2018-06-12 09:30:40 - [MESSAGE][PASSED] - Delayed 20 second(s)

2018-06-12 09:30:40 - [TEST_STEP][PASSED] - click: Object: 'Object Repository/Kademi-vladtest22/span_Groups  users' is clicked on

2018-06-12 09:30:40 - [MESSAGE][PASSED] - Object: 'Object Repository/Kademi-vladtest22/span_Groups  users' is clicked on

2018-06-12 09:30:40 - [TEST_STEP][PASSED] - delay: Delayed 1 second(s)

2018-06-12 09:30:41 - [MESSAGE][PASSED] - Delayed 1 second(s)

2018-06-12 09:30:41 - [TEST_STEP][PASSED] - click: Object: 'Object Repository/Kademi-vladtest22/span_Users' is clicked on

2018-06-12 09:30:46 - [MESSAGE][PASSED] - Object: 'Object Repository/Kademi-vladtest22/span_Users' is clicked on

2018-06-12 09:30:46 - [TEST_STEP][PASSED] - Statement - usertestname = <not implemented yet for class: org.codehaus.groovy.ast.expr.EmptyExpression>: null

2018-06-12 09:30:46 - [TEST_STEP][FAILED] - Statement - For (def index : (1..10)): Unable to select option by value 'contacts' of object 'Object Repository/Kademi-vladtest22/select_group'  using regular expression (Root cause: No option matched.)

2018-06-12 09:30:46 - [TEST_STEP][PASSED] - Statement - usertestname = "autouserqa" + index: null

2018-06-12 09:30:46 - [TEST_STEP][PASSED] - click: Object: 'Object Repository/Kademi-vladtest22/a_Add new user' is clicked on

2018-06-12 09:30:46 - [MESSAGE][PASSED] - Object: 'Object Repository/Kademi-vladtest22/a_Add new user' is clicked on

2018-06-12 09:30:46 - [TEST_STEP][PASSED] - delay: Delayed 1 second(s)

2018-06-12 09:30:47 - [MESSAGE][PASSED] - Delayed 1 second(s)

2018-06-12 09:30:47 - [TEST_STEP][PASSED] - focus: Object: 'Object Repository/kademi-vladtest/div_modal-new-user' is focused

2018-06-12 09:30:47 - [MESSAGE][PASSED] - Object: 'Object Repository/kademi-vladtest/div_modal-new-user' is focused

2018-06-12 09:30:47 - [TEST_STEP][PASSED] - click: Object: 'Object Repository/Kademi-vladtest22/input_nickName' is clicked on

2018-06-12 09:30:48 - [MESSAGE][PASSED] - Object: 'Object Repository/Kademi-vladtest22/input_nickName' is clicked on

2018-06-12 09:30:48 - [TEST_STEP][PASSED] - sendKeys: Keys 'autouserqa1' sent to object: 'Object Repository/Kademi-vladtest22/input_nickName'

2018-06-12 09:30:48 - [MESSAGE][PASSED] - Keys 'autouserqa1' sent to object: 'Object Repository/Kademi-vladtest22/input_nickName'

2018-06-12 09:30:48 - [TEST_STEP][PASSED] - click: Object: 'Object Repository/Kademi-vladtest22/input_firstName' is clicked on

2018-06-12 09:30:48 - [MESSAGE][PASSED] - Object: 'Object Repository/Kademi-vladtest22/input_firstName' is clicked on

2018-06-12 09:30:48 - [TEST_STEP][PASSED] - sendKeys: Keys 'autouserqa1' sent to object: 'Object Repository/Kademi-vladtest22/input_firstName'

2018-06-12 09:30:48 - [MESSAGE][PASSED] - Keys 'autouserqa1' sent to object: 'Object Repository/Kademi-vladtest22/input_firstName'

2018-06-12 09:30:48 - [TEST_STEP][PASSED] - click: Object: 'Object Repository/Kademi-vladtest22/input_surName' is clicked on

2018-06-12 09:30:48 - [MESSAGE][PASSED] - Object: 'Object Repository/Kademi-vladtest22/input_surName' is clicked on

2018-06-12 09:30:48 - [TEST_STEP][PASSED] - sendKeys: Keys 'autouserqa1' sent to object: 'Object Repository/Kademi-vladtest22/input_surName'

2018-06-12 09:30:49 - [MESSAGE][PASSED] - Keys 'autouserqa1' sent to object: 'Object Repository/Kademi-vladtest22/input_surName'

2018-06-12 09:30:49 - [TEST_STEP][PASSED] - click: Object: 'Object Repository/Kademi-vladtest22/input_email (1)' is clicked on

2018-06-12 09:30:49 - [MESSAGE][PASSED] - Object: 'Object Repository/Kademi-vladtest22/input_email (1)' is clicked on

2018-06-12 09:30:49 - [TEST_STEP][PASSED] - sendKeys: Keys 'autouserqa1@mailinator.com' sent to object: 'Object Repository/Kademi-vladtest22/input_email (1)'

2018-06-12 09:30:49 - [MESSAGE][PASSED] - Concatenated string array: '['autouserqa1','@mailinator.com']' into 'autouserqa1@mailinator.com'

2018-06-12 09:30:49 - [MESSAGE][PASSED] - Keys 'autouserqa1@mailinator.com' sent to object: 'Object Repository/Kademi-vladtest22/input_email (1)'

2018-06-12 09:30:49 - [TEST_STEP][PASSED] - click: Object: 'Object Repository/Kademi-vladtest22/select_group' is clicked on

2018-06-12 09:30:49 - [MESSAGE][PASSED] - Object: 'Object Repository/Kademi-vladtest22/select_group' is clicked on

2018-06-12 09:30:49 - [TEST_STEP][FAILED] - selectOptionByValue: Unable to select option by value 'contacts' of object 'Object Repository/Kademi-vladtest22/select_group'  using regular expression (Root cause: No option matched.)

2018-06-12 09:30:50 - [MESSAGE][FAILED] - No option matched.

2018-06-12 09:30:50 - [MESSAGE][FAILED] - Unable to select option by value 'contacts' of object 'Object Repository/Kademi-vladtest22/select_group'  using regular expression (Root cause: No option matched.)
[[ATTACHMENT|D:\\kademi\\Katalon\\Kademi_next\\Kademi\\Reports\\Kademi test suite\\20180612_092336\\1528785050119.png]]]]></system-out>
         <system-err><![CDATA[2018-06-12 09:30:05 - [TEST_CASE][FAILED] - Test Cases/Auto6-Create-users-send-email: Test Cases/Auto6-Create-users-send-email FAILED because (of) Unable to select option by value 'contacts' of object 'Object Repository/Kademi-vladtest22/select_group'  using regular expression (Root cause: No option matched.)]]></system-err>
      </testcase>
      <system-out><![CDATA[2018-06-12 09:23:40 - [TEST_SUITE][FAILED] - Kademi test suite: Test Cases/Auto1-Create-user FAILED because (of) Unable to click on object 'Object Repository/Kademi-vladtest22/span_Groups  users (1)' (Root cause: com.kms.katalon.core.webui.exception.WebElementNotFoundException: Web element with id: 'Object Repository/Kademi-vladtest22/span_Groups  users (1)' located by 'By.xpath: //span[(text() = 'Groups & users' or . = 'Groups & users')]' not found)]]></system-out>
      <system-err><![CDATA[2018-06-12 09:23:40 - [TEST_SUITE][FAILED] - Kademi test suite: Test Cases/Auto1-Create-user FAILED because (of) Unable to click on object 'Object Repository/Kademi-vladtest22/span_Groups  users (1)' (Root cause: com.kms.katalon.core.webui.exception.WebElementNotFoundException: Web element with id: 'Object Repository/Kademi-vladtest22/span_Groups  users (1)' located by 'By.xpath: //span[(text() = 'Groups & users' or . = 'Groups & users')]' not found)]]></system-err>
   </testsuite>
</testsuites>
